<?xml version="1.0" encoding="UTF-8"?>
<!-- Generated by org.testng.reporters.JUnitXMLReporter -->
<testsuite hostname="XE-T-AMITKUMAR" name="Package with subpackages" tests="2" failures="1" timestamp="30 Sep 2016 05:48:28 GMT" time="11.812" errors="0">
  <testcase name="run_cukes" time="0.466" classname="uk.co.automatictester.jwebfwk.runners.DownloadFeatureRunner">
    <failure type="java.lang.NullPointerException">
      <![CDATA[java.lang.NullPointerException
	at com.cucumber.listener.ExtentCucumberFormatter.feature(ExtentCucumberFormatter.java:183)
	at cucumber.runtime.Utils$1.call(Utils.java:37)
	at cucumber.runtime.Timeout.timeout(Timeout.java:13)
	at cucumber.runtime.Utils.invoke(Utils.java:31)
	at cucumber.runtime.RuntimeOptions$1.invoke(RuntimeOptions.java:243)
	at com.sun.proxy.$Proxy13.feature(Unknown Source)
	at cucumber.runtime.model.CucumberFeature.run(CucumberFeature.java:159)
	at cucumber.runtime.Runtime.run(Runtime.java:120)
	at cucumber.api.testng.TestNGCucumberRunner.runCukes(TestNGCucumberRunner.java:43)
	at cucumber.api.testng.AbstractTestNGCucumberTests.run_cukes(AbstractTestNGCucumberTests.java:14)
	at cucumber.api.testng.AbstractTestNGCucumberTests.run(AbstractTestNGCucumberTests.java:19)
	at java.util.concurrent.ThreadPoolExecutor.runWorker(Unknown Source)
	at java.util.concurrent.ThreadPoolExecutor$Worker.run(Unknown Source)
	at java.lang.Thread.run(Unknown Source)
... Removed 16 stack frames]]>
    </failure>
  </testcase> <!-- run_cukes -->
  <testcase name="run_cukes" time="11.788" classname="uk.co.automatictester.jwebfwk.runners.DownloadFeatureRunner_Copy"/>
</testsuite> <!-- Package with subpackages -->
