<?xml version="1.0" encoding="UTF-8"?>
<!-- Generated by org.testng.reporters.JUnitXMLReporter -->
<testsuite hostname="XE-T-AMITKUMAR" name="Package with subpackages" tests="2" failures="0" timestamp="3 Oct 2016 11:01:15 GMT" time="81.623" errors="0">
  <testcase name="run_cukes" time="37.821" classname="uk.co.automatictester.jwebfwk.runners.DownloadFeatureRunner"/>
  <testcase name="run_cukes" time="43.784" classname="uk.co.automatictester.jwebfwk.runners.DownloadFeatureRunner_Copy"/>
</testsuite> <!-- Package with subpackages -->
